<?xml version="1.0" encoding="UTF-8"?>
<!-- Generated by org.testng.reporters.JUnitXMLReporter -->
<testsuite ignored="0" hostname="Krishna" failures="1" tests="2" name="Test" time="6.543" errors="0" timestamp="2024-02-14T17:04:35 IST">
  <testcase classname="testCases.LoginTestcase" name="verifyLoginTest" time="0.607">
    <failure type="java.lang.AssertionError" message="expected [true] but found [false]">
      <![CDATA[java.lang.AssertionError: expected [true] but found [false]
at testCases.LoginTestcase.verifyLoginTest(LoginTestcase.java:30)
at java.base/java.util.ArrayList.forEach(ArrayList.java:1596)
... Removed 32 stack frames]]>
    </failure>
  </testcase> <!-- verifyLoginTest -->
  <testcase classname="testCases.ValidatesearchingwithanexistingProductName" name="validatingSearchbox" time="1.573"/>
</testsuite> <!-- Test -->
